<?xml version="1.0" encoding="UTF-8"?>
<!-- Generated by org.testng.reporters.JUnitXMLReporter -->
<testsuite ignored="1" hostname="DESKTOP-3SSLOUV" failures="0" tests="2" name="Test1" time="16.433" errors="0" timestamp="2021-12-28T14:15:53 IST">
  <testcase classname="test.TestNG_Demo" name="googleSearch" time="3.902"/>
  <testcase classname="test.TestNG_Demo2" name="googleSearch3" time="3.915"/>
  <testcase classname="test.TestNG_Demo2" name="googleSearch2" time="0.0">
    <ignored/>
  </testcase> <!-- googleSearch2 -->
</testsuite> <!-- Test1 -->
